Arguments: 
  D:\Programs\nvm\program\node.exe D:\Programs\Yarn\bin\yarn.js init

PATH: 
  C:\Program Files\AdoptOpenJDK\jdk-8.0.242.08-hotspot\bin;C:\Program Files (x86)\Common Files\Oracle\Java\javapath;C:\Program Files (x86)\Intel\Intel(R) Management Engine Components\iCLS\;C:\Program Files\Intel\Intel(R) Management Engine Components\iCLS\;C:\Windows\system32;C:\Windows;C:\Windows\System32\Wbem;C:\Windows\System32\WindowsPowerShell\v1.0\;C:\Windows\System32\OpenSSH\;C:\Program Files\NVIDIA Corporation\NVIDIA NvDLISR;C:\Program Files (x86)\NVIDIA Corporation\PhysX\Common;C:\Program Files (x86)\Intel\Intel(R) Management Engine Components\DAL;C:\Program Files\Intel\Intel(R) Management Engine Components\DAL;C:\Program Files (x86)\Intel\Intel(R) Management Engine Components\IPT;C:\Program Files\Intel\Intel(R) Management Engine Components\IPT;D:\Programs\nvm\config;D:\Programs\nvm\program;D:\Work\OSPanel\modules\git\bin;D:\Work\OSPanel5.3.7\OpenServer\modules\php\PHP_7.4;D:\Programs\cygwin64\bin;D:\work\ospanel\userdata\composer;D:\work\ospanel\userdata\composer\vendor\bin;D:\Programs\Yarn\bin\;%ANDROID_HOME%\tools;%ANDROID_HOME%\platform-tools;D:\Work\Programs\Android\gradle-4.10.3\bin;C:\Program Files\AdoptOpenJDK\jdk-8.0.242.08-hotspot\bin;C:\Program Files (x86)\Common Files\Oracle\Java\javapath;C:\Program Files (x86)\Intel\Intel(R) Management Engine Components\iCLS\;C:\Program Files\Intel\Intel(R) Management Engine Components\iCLS\;C:\Windows\system32;C:\Windows;C:\Windows\System32\Wbem;C:\Windows\System32\WindowsPowerShell\v1.0\;C:\Windows\System32\OpenSSH\;C:\Program Files\NVIDIA Corporation\NVIDIA NvDLISR;C:\Program Files (x86)\NVIDIA Corporation\PhysX\Common;C:\Program Files (x86)\Intel\Intel(R) Management Engine Components\DAL;C:\Program Files\Intel\Intel(R) Management Engine Components\DAL;C:\Program Files (x86)\Intel\Intel(R) Management Engine Components\IPT;C:\Program Files\Intel\Intel(R) Management Engine Components\IPT;D:\Programs\nvm\config;D:\Programs\nvm\program;D:\Work\OSPanel\modules\git\bin;D:\Work\OSPanel5.3.7\OpenServer\modules\php\PHP_7.4;D:\Programs\cygwin64\bin;D:\work\ospanel\userdata\composer;D:\work\ospanel\userdata\composer\vendor\bin;D:\Programs\Yarn\bin\;D:\Programs\Microsoft VS Code\bin;

Yarn version: 
  1.22.0

Node version: 
  14.15.5

Platform: 
  win32 x64

Trace: 
  SyntaxError: D:\Work\OSPanel\domains\aeq-js\vue-middleware\package.json: Unexpected end of JSON input
      at JSON.parse (<anonymous>)
      at D:\Programs\Yarn\lib\cli.js:1625:59
      at Generator.next (<anonymous>)
      at step (D:\Programs\Yarn\lib\cli.js:310:30)
      at D:\Programs\Yarn\lib\cli.js:321:13

npm manifest: 
  

yarn manifest: 
  No manifest

Lockfile: 
  # THIS IS AN AUTOGENERATED FILE. DO NOT EDIT THIS FILE DIRECTLY.
  # yarn lockfile v1
  
  
  vue-router@^3.5.1:
    version "3.5.1"
    resolved "https://registry.yarnpkg.com/vue-router/-/vue-router-3.5.1.tgz#edf3cf4907952d1e0583e079237220c5ff6eb6c9"
    integrity sha512-RRQNLT8Mzr8z7eL4p7BtKvRaTSGdCbTy2+Mm5HTJvLGYSSeG9gDzNasJPP/yOYKLy+/cLG/ftrqq5fvkFwBJEw==
  
  vue@^2.6.12:
    version "2.6.12"
    resolved "https://registry.yarnpkg.com/vue/-/vue-2.6.12.tgz#f5ebd4fa6bd2869403e29a896aed4904456c9123"
    integrity sha512-uhmLFETqPPNyuLLbsKz6ioJ4q7AZHzD8ZVFNATNyICSZouqP2Sz0rotWQC8UNBF6VGSCs5abnKJoStA6JbCbfg==
